Analysis & Synthesis report for plls
Tue Nov 26 16:31:51 2024
Quartus II 64-Bit Version 13.0.1 Build 232 06/12/2013 Service Pack 1 SJ Web Edition


---------------------
; Table of Contents ;
---------------------
  1. Legal Notice
  2. Analysis & Synthesis Summary
  3. Analysis & Synthesis Settings
  4. Parallel Compilation
  5. Analysis & Synthesis Messages



----------------
; Legal Notice ;
----------------
Copyright (C) 1991-2013 Altera Corporation
Your use of Altera Corporation's design tools, logic functions 
and other software and tools, and its AMPP partner logic 
functions, and any output files from any of the foregoing 
(including device programming or simulation files), and any 
associated documentation or information are expressly subject 
to the terms and conditions of the Altera Program License 
Subscription Agreement, Altera MegaCore Function License 
Agreement, or other applicable license agreement, including, 
without limitation, that your use is for the sole purpose of 
programming logic devices manufactured by Altera and sold by 
Altera or its authorized distributors.  Please refer to the 
applicable agreement for further details.



+--------------------------------------------------------------------------------------+
; Analysis & Synthesis Summary                                                         ;
+------------------------------------+-------------------------------------------------+
; Analysis & Synthesis Status        ; Failed - Tue Nov 26 16:31:51 2024               ;
; Quartus II 64-Bit Version          ; 13.0.1 Build 232 06/12/2013 SP 1 SJ Web Edition ;
; Revision Name                      ; plls                                            ;
; Top-level Entity Name              ; distancia_lab                                   ;
; Family                             ; Cyclone IV E                                    ;
; Total logic elements               ; N/A until Partition Merge                       ;
;     Total combinational functions  ; N/A until Partition Merge                       ;
;     Dedicated logic registers      ; N/A until Partition Merge                       ;
; Total registers                    ; N/A until Partition Merge                       ;
; Total pins                         ; N/A until Partition Merge                       ;
; Total virtual pins                 ; N/A until Partition Merge                       ;
; Total memory bits                  ; N/A until Partition Merge                       ;
; Embedded Multiplier 9-bit elements ; N/A until Partition Merge                       ;
; Total PLLs                         ; N/A until Partition Merge                       ;
+------------------------------------+-------------------------------------------------+


+----------------------------------------------------------------------------------------------------------------------+
; Analysis & Synthesis Settings                                                                                        ;
+----------------------------------------------------------------------------+--------------------+--------------------+
; Option                                                                     ; Setting            ; Default Value      ;
+----------------------------------------------------------------------------+--------------------+--------------------+
; Device                                                                     ; EP4CE22F17C6       ;                    ;
; Top-level entity name                                                      ; distancia_lab      ; plls               ;
; Family name                                                                ; Cyclone IV E       ; Cyclone IV GX      ;
; Use smart compilation                                                      ; Off                ; Off                ;
; Enable parallel Assembler and TimeQuest Timing Analyzer during compilation ; On                 ; On                 ;
; Enable compact report table                                                ; Off                ; Off                ;
; Restructure Multiplexers                                                   ; Auto               ; Auto               ;
; Create Debugging Nodes for IP Cores                                        ; Off                ; Off                ;
; Preserve fewer node names                                                  ; On                 ; On                 ;
; Disable OpenCore Plus hardware evaluation                                  ; Off                ; Off                ;
; Verilog Version                                                            ; Verilog_2001       ; Verilog_2001       ;
; VHDL Version                                                               ; VHDL_1993          ; VHDL_1993          ;
; State Machine Processing                                                   ; Auto               ; Auto               ;
; Safe State Machine                                                         ; Off                ; Off                ;
; Extract Verilog State Machines                                             ; On                 ; On                 ;
; Extract VHDL State Machines                                                ; On                 ; On                 ;
; Ignore Verilog initial constructs                                          ; Off                ; Off                ;
; Iteration limit for constant Verilog loops                                 ; 5000               ; 5000               ;
; Iteration limit for non-constant Verilog loops                             ; 250                ; 250                ;
; Add Pass-Through Logic to Inferred RAMs                                    ; On                 ; On                 ;
; Infer RAMs from Raw Logic                                                  ; On                 ; On                 ;
; Parallel Synthesis                                                         ; On                 ; On                 ;
; DSP Block Balancing                                                        ; Auto               ; Auto               ;
; NOT Gate Push-Back                                                         ; On                 ; On                 ;
; Power-Up Don't Care                                                        ; On                 ; On                 ;
; Remove Redundant Logic Cells                                               ; Off                ; Off                ;
; Remove Duplicate Registers                                                 ; On                 ; On                 ;
; Ignore CARRY Buffers                                                       ; Off                ; Off                ;
; Ignore CASCADE Buffers                                                     ; Off                ; Off                ;
; Ignore GLOBAL Buffers                                                      ; Off                ; Off                ;
; Ignore ROW GLOBAL Buffers                                                  ; Off                ; Off                ;
; Ignore LCELL Buffers                                                       ; Off                ; Off                ;
; Ignore SOFT Buffers                                                        ; On                 ; On                 ;
; Limit AHDL Integers to 32 Bits                                             ; Off                ; Off                ;
; Optimization Technique                                                     ; Balanced           ; Balanced           ;
; Carry Chain Length                                                         ; 70                 ; 70                 ;
; Auto Carry Chains                                                          ; On                 ; On                 ;
; Auto Open-Drain Pins                                                       ; On                 ; On                 ;
; Perform WYSIWYG Primitive Resynthesis                                      ; Off                ; Off                ;
; Auto ROM Replacement                                                       ; On                 ; On                 ;
; Auto RAM Replacement                                                       ; On                 ; On                 ;
; Auto DSP Block Replacement                                                 ; On                 ; On                 ;
; Auto Shift Register Replacement                                            ; Auto               ; Auto               ;
; Allow Shift Register Merging across Hierarchies                            ; Auto               ; Auto               ;
; Auto Clock Enable Replacement                                              ; On                 ; On                 ;
; Strict RAM Replacement                                                     ; Off                ; Off                ;
; Allow Synchronous Control Signals                                          ; On                 ; On                 ;
; Force Use of Synchronous Clear Signals                                     ; Off                ; Off                ;
; Auto RAM Block Balancing                                                   ; On                 ; On                 ;
; Auto RAM to Logic Cell Conversion                                          ; Off                ; Off                ;
; Auto Resource Sharing                                                      ; Off                ; Off                ;
; Allow Any RAM Size For Recognition                                         ; Off                ; Off                ;
; Allow Any ROM Size For Recognition                                         ; Off                ; Off                ;
; Allow Any Shift Register Size For Recognition                              ; Off                ; Off                ;
; Use LogicLock Constraints during Resource Balancing                        ; On                 ; On                 ;
; Ignore translate_off and synthesis_off directives                          ; Off                ; Off                ;
; Timing-Driven Synthesis                                                    ; On                 ; On                 ;
; Report Parameter Settings                                                  ; On                 ; On                 ;
; Report Source Assignments                                                  ; On                 ; On                 ;
; Report Connectivity Checks                                                 ; On                 ; On                 ;
; Ignore Maximum Fan-Out Assignments                                         ; Off                ; Off                ;
; Synchronization Register Chain Length                                      ; 2                  ; 2                  ;
; PowerPlay Power Optimization                                               ; Normal compilation ; Normal compilation ;
; HDL message level                                                          ; Level2             ; Level2             ;
; Suppress Register Optimization Related Messages                            ; Off                ; Off                ;
; Number of Removed Registers Reported in Synthesis Report                   ; 5000               ; 5000               ;
; Number of Swept Nodes Reported in Synthesis Report                         ; 5000               ; 5000               ;
; Number of Inverted Registers Reported in Synthesis Report                  ; 100                ; 100                ;
; Clock MUX Protection                                                       ; On                 ; On                 ;
; Auto Gated Clock Conversion                                                ; Off                ; Off                ;
; Block Design Naming                                                        ; Auto               ; Auto               ;
; SDC constraint protection                                                  ; Off                ; Off                ;
; Synthesis Effort                                                           ; Auto               ; Auto               ;
; Shift Register Replacement - Allow Asynchronous Clear Signal               ; On                 ; On                 ;
; Pre-Mapping Resynthesis Optimization                                       ; Off                ; Off                ;
; Analysis & Synthesis Message Level                                         ; Medium             ; Medium             ;
; Disable Register Merging Across Hierarchies                                ; Auto               ; Auto               ;
; Resource Aware Inference For Block RAM                                     ; On                 ; On                 ;
; Synthesis Seed                                                             ; 1                  ; 1                  ;
+----------------------------------------------------------------------------+--------------------+--------------------+


Parallel compilation was disabled, but you have multiple processors available. Enable parallel compilation to reduce compilation time.
+-------------------------------------+
; Parallel Compilation                ;
+----------------------------+--------+
; Processors                 ; Number ;
+----------------------------+--------+
; Number detected on machine ; 4      ;
; Maximum allowed            ; 1      ;
+----------------------------+--------+


+-------------------------------+
; Analysis & Synthesis Messages ;
+-------------------------------+
Info: *******************************************************************
Info: Running Quartus II 64-Bit Analysis & Synthesis
    Info: Version 13.0.1 Build 232 06/12/2013 Service Pack 1 SJ Web Edition
    Info: Processing started: Tue Nov 26 16:31:48 2024
Info: Command: quartus_map --read_settings_files=on --write_settings_files=off plls -c plls
Warning (20028): Parallel compilation is not licensed and has been disabled
Info (12021): Found 2 design units, including 1 entities, in source file distancia_lab.vhd
    Info (12022): Found design unit 1: distancia_lab-behavioral
    Info (12023): Found entity 1: distancia_lab
Warning (10645): VHDL type inferencing warning at distancia_lab.vhd(95): two visible identifiers match "TO_INTEGER" because the actual at position 0 has an ambiguous type - it could be "UNSIGNED" or "SIGNED", assuming "UNSIGNED"
Info (12127): Elaborating entity "distancia_lab" for the top level hierarchy
Warning (10492): VHDL Process Statement warning at distancia_lab.vhd(96): signal "valor" is read inside the Process Statement but isn't in the Process Statement's sensitivity list
Error (10031): Net "distancias_dato[0][7]" at distancia_lab.vhd(76) is already driven by input port "distancias[7]", and cannot be driven by another signal File: F:/Users/Administrador/Documents/GitHub/plls/distancia_lab.vhd Line: 76
Error (10032): "distancias[7]" was declared at distancia_lab.vhd(10) File: F:/Users/Administrador/Documents/GitHub/plls/distancia_lab.vhd Line: 10
Error (10031): Net "distancias_dato[0][6]" at distancia_lab.vhd(76) is already driven by input port "distancias[6]", and cannot be driven by another signal File: F:/Users/Administrador/Documents/GitHub/plls/distancia_lab.vhd Line: 76
Error (10032): "distancias[6]" was declared at distancia_lab.vhd(10) File: F:/Users/Administrador/Documents/GitHub/plls/distancia_lab.vhd Line: 10
Error (10031): Net "distancias_dato[0][5]" at distancia_lab.vhd(76) is already driven by input port "distancias[5]", and cannot be driven by another signal File: F:/Users/Administrador/Documents/GitHub/plls/distancia_lab.vhd Line: 76
Error (10032): "distancias[5]" was declared at distancia_lab.vhd(10) File: F:/Users/Administrador/Documents/GitHub/plls/distancia_lab.vhd Line: 10
Error (10031): Net "distancias_dato[0][4]" at distancia_lab.vhd(76) is already driven by input port "distancias[4]", and cannot be driven by another signal File: F:/Users/Administrador/Documents/GitHub/plls/distancia_lab.vhd Line: 76
Error (10032): "distancias[4]" was declared at distancia_lab.vhd(10) File: F:/Users/Administrador/Documents/GitHub/plls/distancia_lab.vhd Line: 10
Error (10031): Net "distancias_dato[0][3]" at distancia_lab.vhd(76) is already driven by input port "distancias[3]", and cannot be driven by another signal File: F:/Users/Administrador/Documents/GitHub/plls/distancia_lab.vhd Line: 76
Error (10032): "distancias[3]" was declared at distancia_lab.vhd(10) File: F:/Users/Administrador/Documents/GitHub/plls/distancia_lab.vhd Line: 10
Error (10031): Net "distancias_dato[0][2]" at distancia_lab.vhd(76) is already driven by input port "distancias[2]", and cannot be driven by another signal File: F:/Users/Administrador/Documents/GitHub/plls/distancia_lab.vhd Line: 76
Error (10032): "distancias[2]" was declared at distancia_lab.vhd(10) File: F:/Users/Administrador/Documents/GitHub/plls/distancia_lab.vhd Line: 10
Error (10031): Net "distancias_dato[0][1]" at distancia_lab.vhd(76) is already driven by input port "distancias[1]", and cannot be driven by another signal File: F:/Users/Administrador/Documents/GitHub/plls/distancia_lab.vhd Line: 76
Error (10032): "distancias[1]" was declared at distancia_lab.vhd(10) File: F:/Users/Administrador/Documents/GitHub/plls/distancia_lab.vhd Line: 10
Error (10031): Net "distancias_dato[0][0]" at distancia_lab.vhd(76) is already driven by input port "distancias[0]", and cannot be driven by another signal File: F:/Users/Administrador/Documents/GitHub/plls/distancia_lab.vhd Line: 76
Error (10032): "distancias[0]" was declared at distancia_lab.vhd(10) File: F:/Users/Administrador/Documents/GitHub/plls/distancia_lab.vhd Line: 10
Error (10031): Net "distancias_dato[1][7]" at distancia_lab.vhd(77) is already driven by input port "distancias[15]", and cannot be driven by another signal File: F:/Users/Administrador/Documents/GitHub/plls/distancia_lab.vhd Line: 77
Error (10032): "distancias[15]" was declared at distancia_lab.vhd(10) File: F:/Users/Administrador/Documents/GitHub/plls/distancia_lab.vhd Line: 10
Error (10031): Net "distancias_dato[1][6]" at distancia_lab.vhd(77) is already driven by input port "distancias[14]", and cannot be driven by another signal File: F:/Users/Administrador/Documents/GitHub/plls/distancia_lab.vhd Line: 77
Error (12153): Can't elaborate top-level user hierarchy
Error: Quartus II 64-Bit Analysis & Synthesis was unsuccessful. 20 errors, 3 warnings
    Error: Peak virtual memory: 4608 megabytes
    Error: Processing ended: Tue Nov 26 16:31:51 2024
    Error: Elapsed time: 00:00:03
    Error: Total CPU time (on all processors): 00:00:02


