Analysis & Synthesis report for orientacion
Sat Nov 30 15:32:22 2024
Quartus II 64-Bit Version 13.0.1 Build 232 06/12/2013 Service Pack 1 SJ Web Edition


---------------------
; Table of Contents ;
---------------------
  1. Legal Notice
  2. Analysis & Synthesis Summary
  3. Analysis & Synthesis Settings
  4. Parallel Compilation
  5. Analysis & Synthesis Source Files Read
  6. Analysis & Synthesis Resource Usage Summary
  7. Analysis & Synthesis Resource Utilization by Entity
  8. State Machine - |ubicacion|ubicacionparte2v2:inst2|fstate
  9. State Machine - |ubicacion|orientacion:inst1|state
 10. User-Specified and Inferred Latches
 11. General Register Statistics
 12. Inverted Register Statistics
 13. Multiplexer Restructuring Statistics (Restructuring Performed)
 14. Elapsed Time Per Partition
 15. Analysis & Synthesis Messages



----------------
; Legal Notice ;
----------------
Copyright (C) 1991-2013 Altera Corporation
Your use of Altera Corporation's design tools, logic functions 
and other software and tools, and its AMPP partner logic 
functions, and any output files from any of the foregoing 
(including device programming or simulation files), and any 
associated documentation or information are expressly subject 
to the terms and conditions of the Altera Program License 
Subscription Agreement, Altera MegaCore Function License 
Agreement, or other applicable license agreement, including, 
without limitation, that your use is for the sole purpose of 
programming logic devices manufactured by Altera and sold by 
Altera or its authorized distributors.  Please refer to the 
applicable agreement for further details.



+--------------------------------------------------------------------------------------+
; Analysis & Synthesis Summary                                                         ;
+------------------------------------+-------------------------------------------------+
; Analysis & Synthesis Status        ; Successful - Sat Nov 30 15:32:22 2024           ;
; Quartus II 64-Bit Version          ; 13.0.1 Build 232 06/12/2013 SP 1 SJ Web Edition ;
; Revision Name                      ; orientacion                                     ;
; Top-level Entity Name              ; ubicacion                                       ;
; Family                             ; Cyclone IV E                                    ;
; Total logic elements               ; 65                                              ;
;     Total combinational functions  ; 61                                              ;
;     Dedicated logic registers      ; 30                                              ;
; Total registers                    ; 30                                              ;
; Total pins                         ; 14                                              ;
; Total virtual pins                 ; 0                                               ;
; Total memory bits                  ; 0                                               ;
; Embedded Multiplier 9-bit elements ; 0                                               ;
; Total PLLs                         ; 0                                               ;
+------------------------------------+-------------------------------------------------+


+----------------------------------------------------------------------------------------------------------------------+
; Analysis & Synthesis Settings                                                                                        ;
+----------------------------------------------------------------------------+--------------------+--------------------+
; Option                                                                     ; Setting            ; Default Value      ;
+----------------------------------------------------------------------------+--------------------+--------------------+
; Device                                                                     ; EP4CE22F17C6       ;                    ;
; Top-level entity name                                                      ; ubicacion          ; orientacion        ;
; Family name                                                                ; Cyclone IV E       ; Cyclone IV GX      ;
; Use smart compilation                                                      ; Off                ; Off                ;
; Enable parallel Assembler and TimeQuest Timing Analyzer during compilation ; On                 ; On                 ;
; Enable compact report table                                                ; Off                ; Off                ;
; Restructure Multiplexers                                                   ; Auto               ; Auto               ;
; Create Debugging Nodes for IP Cores                                        ; Off                ; Off                ;
; Preserve fewer node names                                                  ; On                 ; On                 ;
; Disable OpenCore Plus hardware evaluation                                  ; Off                ; Off                ;
; Verilog Version                                                            ; Verilog_2001       ; Verilog_2001       ;
; VHDL Version                                                               ; VHDL_1993          ; VHDL_1993          ;
; State Machine Processing                                                   ; Auto               ; Auto               ;
; Safe State Machine                                                         ; Off                ; Off                ;
; Extract Verilog State Machines                                             ; On                 ; On                 ;
; Extract VHDL State Machines                                                ; On                 ; On                 ;
; Ignore Verilog initial constructs                                          ; Off                ; Off                ;
; Iteration limit for constant Verilog loops                                 ; 5000               ; 5000               ;
; Iteration limit for non-constant Verilog loops                             ; 250                ; 250                ;
; Add Pass-Through Logic to Inferred RAMs                                    ; On                 ; On                 ;
; Infer RAMs from Raw Logic                                                  ; On                 ; On                 ;
; Parallel Synthesis                                                         ; On                 ; On                 ;
; DSP Block Balancing                                                        ; Auto               ; Auto               ;
; NOT Gate Push-Back                                                         ; On                 ; On                 ;
; Power-Up Don't Care                                                        ; On                 ; On                 ;
; Remove Redundant Logic Cells                                               ; Off                ; Off                ;
; Remove Duplicate Registers                                                 ; On                 ; On                 ;
; Ignore CARRY Buffers                                                       ; Off                ; Off                ;
; Ignore CASCADE Buffers                                                     ; Off                ; Off                ;
; Ignore GLOBAL Buffers                                                      ; Off                ; Off                ;
; Ignore ROW GLOBAL Buffers                                                  ; Off                ; Off                ;
; Ignore LCELL Buffers                                                       ; Off                ; Off                ;
; Ignore SOFT Buffers                                                        ; On                 ; On                 ;
; Limit AHDL Integers to 32 Bits                                             ; Off                ; Off                ;
; Optimization Technique                                                     ; Balanced           ; Balanced           ;
; Carry Chain Length                                                         ; 70                 ; 70                 ;
; Auto Carry Chains                                                          ; On                 ; On                 ;
; Auto Open-Drain Pins                                                       ; On                 ; On                 ;
; Perform WYSIWYG Primitive Resynthesis                                      ; Off                ; Off                ;
; Auto ROM Replacement                                                       ; On                 ; On                 ;
; Auto RAM Replacement                                                       ; On                 ; On                 ;
; Auto DSP Block Replacement                                                 ; On                 ; On                 ;
; Auto Shift Register Replacement                                            ; Auto               ; Auto               ;
; Allow Shift Register Merging across Hierarchies                            ; Auto               ; Auto               ;
; Auto Clock Enable Replacement                                              ; On                 ; On                 ;
; Strict RAM Replacement                                                     ; Off                ; Off                ;
; Allow Synchronous Control Signals                                          ; On                 ; On                 ;
; Force Use of Synchronous Clear Signals                                     ; Off                ; Off                ;
; Auto RAM Block Balancing                                                   ; On                 ; On                 ;
; Auto RAM to Logic Cell Conversion                                          ; Off                ; Off                ;
; Auto Resource Sharing                                                      ; Off                ; Off                ;
; Allow Any RAM Size For Recognition                                         ; Off                ; Off                ;
; Allow Any ROM Size For Recognition                                         ; Off                ; Off                ;
; Allow Any Shift Register Size For Recognition                              ; Off                ; Off                ;
; Use LogicLock Constraints during Resource Balancing                        ; On                 ; On                 ;
; Ignore translate_off and synthesis_off directives                          ; Off                ; Off                ;
; Timing-Driven Synthesis                                                    ; On                 ; On                 ;
; Report Parameter Settings                                                  ; On                 ; On                 ;
; Report Source Assignments                                                  ; On                 ; On                 ;
; Report Connectivity Checks                                                 ; On                 ; On                 ;
; Ignore Maximum Fan-Out Assignments                                         ; Off                ; Off                ;
; Synchronization Register Chain Length                                      ; 2                  ; 2                  ;
; PowerPlay Power Optimization                                               ; Normal compilation ; Normal compilation ;
; HDL message level                                                          ; Level2             ; Level2             ;
; Suppress Register Optimization Related Messages                            ; Off                ; Off                ;
; Number of Removed Registers Reported in Synthesis Report                   ; 5000               ; 5000               ;
; Number of Swept Nodes Reported in Synthesis Report                         ; 5000               ; 5000               ;
; Number of Inverted Registers Reported in Synthesis Report                  ; 100                ; 100                ;
; Clock MUX Protection                                                       ; On                 ; On                 ;
; Auto Gated Clock Conversion                                                ; Off                ; Off                ;
; Block Design Naming                                                        ; Auto               ; Auto               ;
; SDC constraint protection                                                  ; Off                ; Off                ;
; Synthesis Effort                                                           ; Auto               ; Auto               ;
; Shift Register Replacement - Allow Asynchronous Clear Signal               ; On                 ; On                 ;
; Pre-Mapping Resynthesis Optimization                                       ; Off                ; Off                ;
; Analysis & Synthesis Message Level                                         ; Medium             ; Medium             ;
; Disable Register Merging Across Hierarchies                                ; Auto               ; Auto               ;
; Resource Aware Inference For Block RAM                                     ; On                 ; On                 ;
; Synthesis Seed                                                             ; 1                  ; 1                  ;
+----------------------------------------------------------------------------+--------------------+--------------------+


Parallel compilation was disabled, but you have multiple processors available. Enable parallel compilation to reduce compilation time.
+-------------------------------------+
; Parallel Compilation                ;
+----------------------------+--------+
; Processors                 ; Number ;
+----------------------------+--------+
; Number detected on machine ; 4      ;
; Maximum allowed            ; 1      ;
+----------------------------+--------+


+--------------------------------------------------------------------------------------------------------------------------------------------------------------------------------------------+
; Analysis & Synthesis Source Files Read                                                                                                                                                     ;
+----------------------------------+-----------------+------------------------------------+----------------------------------------------------------------------------------------+---------+
; File Name with User-Entered Path ; Used in Netlist ; File Type                          ; File Name with Absolute Path                                                           ; Library ;
+----------------------------------+-----------------+------------------------------------+----------------------------------------------------------------------------------------+---------+
; SumaoResta.vhd                   ; yes             ; User VHDL File                     ; F:/Users/Administrador/Documents/GitHub/acaestatodo/orientacion2/SumaoResta.vhd        ;         ;
; ubicacionparte2v2.vhd            ; yes             ; User VHDL File                     ; F:/Users/Administrador/Documents/GitHub/acaestatodo/orientacion2/ubicacionparte2v2.vhd ;         ;
; ubicacion.bdf                    ; yes             ; User Block Diagram/Schematic File  ; F:/Users/Administrador/Documents/GitHub/acaestatodo/orientacion2/ubicacion.bdf         ;         ;
; orientacion.vhd                  ; yes             ; User VHDL File                     ; F:/Users/Administrador/Documents/GitHub/acaestatodo/orientacion2/orientacion.vhd       ;         ;
+----------------------------------+-----------------+------------------------------------+----------------------------------------------------------------------------------------+---------+


+-----------------------------------------------------------+
; Analysis & Synthesis Resource Usage Summary               ;
+---------------------------------------------+-------------+
; Resource                                    ; Usage       ;
+---------------------------------------------+-------------+
; Estimated Total logic elements              ; 65          ;
;                                             ;             ;
; Total combinational functions               ; 61          ;
; Logic element usage by number of LUT inputs ;             ;
;     -- 4 input functions                    ; 41          ;
;     -- 3 input functions                    ; 16          ;
;     -- <=2 input functions                  ; 4           ;
;                                             ;             ;
; Logic elements by mode                      ;             ;
;     -- normal mode                          ; 57          ;
;     -- arithmetic mode                      ; 4           ;
;                                             ;             ;
; Total registers                             ; 30          ;
;     -- Dedicated logic registers            ; 30          ;
;     -- I/O registers                        ; 0           ;
;                                             ;             ;
; I/O pins                                    ; 14          ;
; Embedded Multiplier 9-bit elements          ; 0           ;
; Maximum fan-out node                        ; reset~input ;
; Maximum fan-out                             ; 34          ;
; Total fan-out                               ; 328         ;
; Average fan-out                             ; 2.76        ;
+---------------------------------------------+-------------+


+----------------------------------------------------------------------------------------------------------------------------------------------------------------------------------------------+
; Analysis & Synthesis Resource Utilization by Entity                                                                                                                                          ;
+------------------------------+-------------------+--------------+-------------+--------------+---------+-----------+------+--------------+------------------------------------+--------------+
; Compilation Hierarchy Node   ; LC Combinationals ; LC Registers ; Memory Bits ; DSP Elements ; DSP 9x9 ; DSP 18x18 ; Pins ; Virtual Pins ; Full Hierarchy Name                ; Library Name ;
+------------------------------+-------------------+--------------+-------------+--------------+---------+-----------+------+--------------+------------------------------------+--------------+
; |ubicacion                   ; 61 (0)            ; 30 (0)       ; 0           ; 0            ; 0       ; 0         ; 14   ; 0            ; |ubicacion                         ; work         ;
;    |SumaoResta:inst|         ; 7 (7)             ; 8 (8)        ; 0           ; 0            ; 0       ; 0         ; 0    ; 0            ; |ubicacion|SumaoResta:inst         ; work         ;
;    |orientacion:inst1|       ; 28 (28)           ; 10 (10)      ; 0           ; 0            ; 0       ; 0         ; 0    ; 0            ; |ubicacion|orientacion:inst1       ; work         ;
;    |ubicacionparte2v2:inst2| ; 26 (26)           ; 12 (12)      ; 0           ; 0            ; 0       ; 0         ; 0    ; 0            ; |ubicacion|ubicacionparte2v2:inst2 ; work         ;
+------------------------------+-------------------+--------------+-------------+--------------+---------+-----------+------+--------------+------------------------------------+--------------+
Note: For table entries with two numbers listed, the numbers in parentheses indicate the number of resources of the given type used by the specific entity alone. The numbers listed outside of parentheses indicate the total resources of the given type used by the specific entity and all of its sub-entities in the hierarchy.


Encoding Type:  One-Hot
+---------------------------------------------------------------------------------------------------------------------------------------------------------------------------------------------------------+
; State Machine - |ubicacion|ubicacionparte2v2:inst2|fstate                                                                                                                                               ;
+-----------------+-----------------+----------------+----------------+-----------------+----------------+---------------+---------------+----------------+-----------+-----------+-----------+-----------+
; Name            ; fstate.RESTAR4b ; fstate.SUMAR1b ; fstate.SUMAR4b ; fstate.RESTAR1b ; fstate.RESTAR4 ; fstate.SUMAR1 ; fstate.SUMAR4 ; fstate.RESTAR1 ; fstate.O4 ; fstate.O3 ; fstate.O2 ; fstate.O1 ;
+-----------------+-----------------+----------------+----------------+-----------------+----------------+---------------+---------------+----------------+-----------+-----------+-----------+-----------+
; fstate.O1       ; 0               ; 0              ; 0              ; 0               ; 0              ; 0             ; 0             ; 0              ; 0         ; 0         ; 0         ; 0         ;
; fstate.O2       ; 0               ; 0              ; 0              ; 0               ; 0              ; 0             ; 0             ; 0              ; 0         ; 0         ; 1         ; 1         ;
; fstate.O3       ; 0               ; 0              ; 0              ; 0               ; 0              ; 0             ; 0             ; 0              ; 0         ; 1         ; 0         ; 1         ;
; fstate.O4       ; 0               ; 0              ; 0              ; 0               ; 0              ; 0             ; 0             ; 0              ; 1         ; 0         ; 0         ; 1         ;
; fstate.RESTAR1  ; 0               ; 0              ; 0              ; 0               ; 0              ; 0             ; 0             ; 1              ; 0         ; 0         ; 0         ; 1         ;
; fstate.SUMAR4   ; 0               ; 0              ; 0              ; 0               ; 0              ; 0             ; 1             ; 0              ; 0         ; 0         ; 0         ; 1         ;
; fstate.SUMAR1   ; 0               ; 0              ; 0              ; 0               ; 0              ; 1             ; 0             ; 0              ; 0         ; 0         ; 0         ; 1         ;
; fstate.RESTAR4  ; 0               ; 0              ; 0              ; 0               ; 1              ; 0             ; 0             ; 0              ; 0         ; 0         ; 0         ; 1         ;
; fstate.RESTAR1b ; 0               ; 0              ; 0              ; 1               ; 0              ; 0             ; 0             ; 0              ; 0         ; 0         ; 0         ; 1         ;
; fstate.SUMAR4b  ; 0               ; 0              ; 1              ; 0               ; 0              ; 0             ; 0             ; 0              ; 0         ; 0         ; 0         ; 1         ;
; fstate.SUMAR1b  ; 0               ; 1              ; 0              ; 0               ; 0              ; 0             ; 0             ; 0              ; 0         ; 0         ; 0         ; 1         ;
; fstate.RESTAR4b ; 1               ; 0              ; 0              ; 0               ; 0              ; 0             ; 0             ; 0              ; 0         ; 0         ; 0         ; 1         ;
+-----------------+-----------------+----------------+----------------+-----------------+----------------+---------------+---------------+----------------+-----------+-----------+-----------+-----------+


Encoding Type:  One-Hot
+--------------------------------------------------------------------------------------------------+
; State Machine - |ubicacion|orientacion:inst1|state                                               ;
+----------+----------+----------+----------+----------+----------+----------+----------+----------+
; Name     ; state.Og ; state.Eg ; state.Sg ; state.Ng ; state.Od ; state.Ed ; state.Sd ; state.Nd ;
+----------+----------+----------+----------+----------+----------+----------+----------+----------+
; state.Nd ; 0        ; 0        ; 0        ; 0        ; 0        ; 0        ; 0        ; 0        ;
; state.Sd ; 0        ; 0        ; 0        ; 0        ; 0        ; 0        ; 1        ; 1        ;
; state.Ed ; 0        ; 0        ; 0        ; 0        ; 0        ; 1        ; 0        ; 1        ;
; state.Od ; 0        ; 0        ; 0        ; 0        ; 1        ; 0        ; 0        ; 1        ;
; state.Ng ; 0        ; 0        ; 0        ; 1        ; 0        ; 0        ; 0        ; 1        ;
; state.Sg ; 0        ; 0        ; 1        ; 0        ; 0        ; 0        ; 0        ; 1        ;
; state.Eg ; 0        ; 1        ; 0        ; 0        ; 0        ; 0        ; 0        ; 1        ;
; state.Og ; 1        ; 0        ; 0        ; 0        ; 0        ; 0        ; 0        ; 1        ;
+----------+----------+----------+----------+----------+----------+----------+----------+----------+


+---------------------------------------------------------------------------------------------------+
; User-Specified and Inferred Latches                                                               ;
+----------------------------------------------------+---------------------+------------------------+
; Latch Name                                         ; Latch Enable Signal ; Free of Timing Hazards ;
+----------------------------------------------------+---------------------+------------------------+
; orientacion:inst1|g[1]                             ; VCC                 ; yes                    ;
; Number of user-specified and inferred latches = 1  ;                     ;                        ;
+----------------------------------------------------+---------------------+------------------------+
Note: All latches listed above may not be present at the end of synthesis due to various synthesis optimizations.


+------------------------------------------------------+
; General Register Statistics                          ;
+----------------------------------------------+-------+
; Statistic                                    ; Value ;
+----------------------------------------------+-------+
; Total registers                              ; 30    ;
; Number of registers using Synchronous Clear  ; 9     ;
; Number of registers using Synchronous Load   ; 0     ;
; Number of registers using Asynchronous Clear ; 18    ;
; Number of registers using Asynchronous Load  ; 0     ;
; Number of registers using Clock Enable       ; 0     ;
; Number of registers using Preset             ; 0     ;
+----------------------------------------------+-------+


+--------------------------------------------------+
; Inverted Register Statistics                     ;
+----------------------------------------+---------+
; Inverted Register                      ; Fan out ;
+----------------------------------------+---------+
; orientacion:inst1|o0_reg               ; 2       ;
; orientacion:inst1|o1_reg               ; 2       ;
; Total number of inverted registers = 2 ;         ;
+----------------------------------------+---------+


+-----------------------------------------------------------------------------------------------------------------------------------------------+
; Multiplexer Restructuring Statistics (Restructuring Performed)                                                                                ;
+--------------------+-----------+---------------+----------------------+------------------------+------------+---------------------------------+
; Multiplexer Inputs ; Bus Width ; Baseline Area ; Area if Restructured ; Saving if Restructured ; Registered ; Example Multiplexer Output      ;
+--------------------+-----------+---------------+----------------------+------------------------+------------+---------------------------------+
; 4:1                ; 2 bits    ; 4 LEs         ; 4 LEs                ; 0 LEs                  ; No         ; |ubicacion|SumaoResta:inst|Add0 ;
+--------------------+-----------+---------------+----------------------+------------------------+------------+---------------------------------+


+-------------------------------+
; Elapsed Time Per Partition    ;
+----------------+--------------+
; Partition Name ; Elapsed Time ;
+----------------+--------------+
; Top            ; 00:00:00     ;
+----------------+--------------+


+-------------------------------+
; Analysis & Synthesis Messages ;
+-------------------------------+
Info: *******************************************************************
Info: Running Quartus II 64-Bit Analysis & Synthesis
    Info: Version 13.0.1 Build 232 06/12/2013 Service Pack 1 SJ Web Edition
    Info: Processing started: Sat Nov 30 15:32:18 2024
Info: Command: quartus_map --read_settings_files=on --write_settings_files=off orientacion -c orientacion
Warning (20028): Parallel compilation is not licensed and has been disabled
Info (12021): Found 2 design units, including 1 entities, in source file sumaoresta.vhd
    Info (12022): Found design unit 1: SumaoResta-Behavioral
    Info (12023): Found entity 1: SumaoResta
Info (12021): Found 2 design units, including 1 entities, in source file ubicacionparte2v2.vhd
    Info (12022): Found design unit 1: ubicacionparte2v2-BEHAVIOR
    Info (12023): Found entity 1: ubicacionparte2v2
Info (12021): Found 1 design units, including 1 entities, in source file ubicacion.bdf
    Info (12023): Found entity 1: ubicacion
Info (12021): Found 2 design units, including 1 entities, in source file orientacion.vhd
    Info (12022): Found design unit 1: orientacion-rtl
    Info (12023): Found entity 1: orientacion
Info (12127): Elaborating entity "ubicacion" for the top level hierarchy
Info (12128): Elaborating entity "orientacion" for hierarchy "orientacion:inst1"
Warning (10492): VHDL Process Statement warning at orientacion.vhd(40): signal "gd" is read inside the Process Statement but isn't in the Process Statement's sensitivity list
Warning (10492): VHDL Process Statement warning at orientacion.vhd(40): signal "gi" is read inside the Process Statement but isn't in the Process Statement's sensitivity list
Warning (10492): VHDL Process Statement warning at orientacion.vhd(41): signal "gi" is read inside the Process Statement but isn't in the Process Statement's sensitivity list
Warning (10492): VHDL Process Statement warning at orientacion.vhd(41): signal "gd" is read inside the Process Statement but isn't in the Process Statement's sensitivity list
Warning (10492): VHDL Process Statement warning at orientacion.vhd(41): signal "tc2" is read inside the Process Statement but isn't in the Process Statement's sensitivity list
Warning (10492): VHDL Process Statement warning at orientacion.vhd(42): signal "gd" is read inside the Process Statement but isn't in the Process Statement's sensitivity list
Warning (10492): VHDL Process Statement warning at orientacion.vhd(42): signal "gi" is read inside the Process Statement but isn't in the Process Statement's sensitivity list
Warning (10492): VHDL Process Statement warning at orientacion.vhd(43): signal "gi" is read inside the Process Statement but isn't in the Process Statement's sensitivity list
Warning (10492): VHDL Process Statement warning at orientacion.vhd(43): signal "gd" is read inside the Process Statement but isn't in the Process Statement's sensitivity list
Warning (10492): VHDL Process Statement warning at orientacion.vhd(43): signal "tc1" is read inside the Process Statement but isn't in the Process Statement's sensitivity list
Warning (10631): VHDL Process Statement warning at orientacion.vhd(38): inferring latch(es) for signal or variable "g", which holds its previous value in one or more paths through the process
Info (10041): Inferred latch for "g[0]" at orientacion.vhd(38)
Info (10041): Inferred latch for "g[1]" at orientacion.vhd(38)
Info (10041): Inferred latch for "g[2]" at orientacion.vhd(38)
Info (10041): Inferred latch for "g[3]" at orientacion.vhd(38)
Info (12128): Elaborating entity "SumaoResta" for hierarchy "SumaoResta:inst"
Info (12128): Elaborating entity "ubicacionparte2v2" for hierarchy "ubicacionparte2v2:inst2"
Warning (14026): LATCH primitive "orientacion:inst1|g[3]" is permanently enabled
Warning (14026): LATCH primitive "orientacion:inst1|g[0]" is permanently enabled
Warning (14026): LATCH primitive "orientacion:inst1|g[2]" is permanently enabled
Warning (14026): LATCH primitive "orientacion:inst1|g[3]" is permanently enabled
Warning (14026): LATCH primitive "orientacion:inst1|g[2]" is permanently enabled
Warning (14026): LATCH primitive "orientacion:inst1|g[0]" is permanently enabled
Info (13000): Registers with preset signals will power-up high
Info (13003): DEV_CLRn pin will set, and not reset, register with preset signal due to NOT Gate Push-Back
Critical Warning (18061): Ignored Power-Up Level option on the following registers
    Critical Warning (18010): Register orientacion:inst1|o0_reg will power up to High
    Critical Warning (18010): Register orientacion:inst1|o1_reg will power up to High
Info (286030): Timing-Driven Synthesis is running
Info (16010): Generating hard_block partition "hard_block:auto_generated_inst"
    Info (16011): Adding 0 node(s), including 0 DDIO, 0 PLL, 0 transceiver and 0 LCELL
Info (21057): Implemented 79 device resources after synthesis - the final resource count might be different
    Info (21058): Implemented 7 input pins
    Info (21059): Implemented 7 output pins
    Info (21061): Implemented 65 logic cells
Info: Quartus II 64-Bit Analysis & Synthesis was successful. 0 errors, 21 warnings
    Info: Peak virtual memory: 4623 megabytes
    Info: Processing ended: Sat Nov 30 15:32:22 2024
    Info: Elapsed time: 00:00:04
    Info: Total CPU time (on all processors): 00:00:03


